<?xml version="1.0" encoding="UTF-8"?>
<testng-results skipped="4" failed="1" ignored="0" total="13" passed="8">
  <reporter-output>
  </reporter-output>
  <suite name="RedtrackFront by packages" duration-ms="107256" started-at="2019-10-29T13:32:46Z" finished-at="2019-10-29T13:34:33Z">
    <groups>
    </groups>
    <test name="test" duration-ms="107256" started-at="2019-10-29T13:32:46Z" finished-at="2019-10-29T13:34:33Z">
      <class name="io.redtrack.app.tests.RedtrackCustomDomains">
        <test-method status="PASS" signature="init()[pri:0, instance:io.redtrack.app.tests.RedtrackCustomDomains@3327bd23]" name="init" is-config="true" duration-ms="3760" started-at="2019-10-29T13:32:46Z" finished-at="2019-10-29T13:32:49Z">
          <reporter-output>
          </reporter-output>
        </test-method> <!-- init -->
        <test-method status="PASS" signature="login()[pri:0, instance:io.redtrack.app.tests.RedtrackCustomDomains@3327bd23]" name="login" duration-ms="9035" started-at="2019-10-29T13:32:49Z" finished-at="2019-10-29T13:32:58Z">
          <reporter-output>
          </reporter-output>
        </test-method> <!-- login -->
        <test-method status="PASS" signature="goToCampaignPage()[pri:0, instance:io.redtrack.app.tests.RedtrackCustomDomains@3327bd23]" name="goToCampaignPage" duration-ms="8698" started-at="2019-10-29T13:32:58Z" depends-on-methods="io.redtrack.app.tests.RedtrackCustomDomains.login" finished-at="2019-10-29T13:33:07Z">
          <reporter-output>
          </reporter-output>
        </test-method> <!-- goToCampaignPage -->
        <test-method status="PASS" signature="openCampaign()[pri:0, instance:io.redtrack.app.tests.RedtrackCustomDomains@3327bd23]" name="openCampaign" duration-ms="12250" started-at="2019-10-29T13:33:07Z" depends-on-methods="io.redtrack.app.tests.RedtrackCustomDomains.goToCampaignPage" finished-at="2019-10-29T13:33:19Z">
          <reporter-output>
          </reporter-output>
        </test-method> <!-- openCampaign -->
        <test-method status="PASS" signature="getClickURL()[pri:0, instance:io.redtrack.app.tests.RedtrackCustomDomains@3327bd23]" name="getClickURL" duration-ms="3198" started-at="2019-10-29T13:33:19Z" depends-on-methods="io.redtrack.app.tests.RedtrackCustomDomains.openCampaign" finished-at="2019-10-29T13:33:23Z">
          <reporter-output>
          </reporter-output>
        </test-method> <!-- getClickURL -->
        <test-method status="PASS" signature="creatingClick()[pri:0, instance:io.redtrack.app.tests.RedtrackCustomDomains@3327bd23]" name="creatingClick" duration-ms="14664" started-at="2019-10-29T13:33:23Z" depends-on-methods="io.redtrack.app.tests.RedtrackCustomDomains.getClickURL" finished-at="2019-10-29T13:33:37Z">
          <reporter-output>
          </reporter-output>
        </test-method> <!-- creatingClick -->
        <test-method status="PASS" signature="parsingURL()[pri:0, instance:io.redtrack.app.tests.RedtrackCustomDomains@3327bd23]" name="parsingURL" duration-ms="8063" started-at="2019-10-29T13:33:37Z" depends-on-methods="io.redtrack.app.tests.RedtrackCustomDomains.creatingClick" finished-at="2019-10-29T13:33:45Z">
          <reporter-output>
          </reporter-output>
        </test-method> <!-- parsingURL -->
        <test-method status="PASS" signature="creatingConversion()[pri:0, instance:io.redtrack.app.tests.RedtrackCustomDomains@3327bd23]" name="creatingConversion" duration-ms="10289" started-at="2019-10-29T13:33:45Z" depends-on-methods="io.redtrack.app.tests.RedtrackCustomDomains.parsingURL" finished-at="2019-10-29T13:33:56Z">
          <reporter-output>
          </reporter-output>
        </test-method> <!-- creatingConversion -->
        <test-method status="PASS" signature="parsingID()[pri:0, instance:io.redtrack.app.tests.RedtrackCustomDomains@3327bd23]" name="parsingID" duration-ms="3002" started-at="2019-10-29T13:33:56Z" depends-on-methods="io.redtrack.app.tests.RedtrackCustomDomains.creatingConversion" finished-at="2019-10-29T13:33:59Z">
          <reporter-output>
          </reporter-output>
        </test-method> <!-- parsingID -->
        <test-method status="FAIL" signature="checkingPostback()[pri:0, instance:io.redtrack.app.tests.RedtrackCustomDomains@3327bd23]" name="checkingPostback" duration-ms="34264" started-at="2019-10-29T13:33:59Z" depends-on-methods="io.redtrack.app.tests.RedtrackCustomDomains.parsingID" finished-at="2019-10-29T13:34:33Z">
          <exception class="org.openqa.selenium.NoSuchElementException">
            <message>
              <![CDATA[no such element: Unable to locate element: {"method":"link text","selector":"Postbacks"}
  (Session info: chrome=73.0.3683.75)
  (Driver info: chromedriver=73.0.3683.68 (47787ec04b6e38e22703e856e101e840b65afe72),platform=Linux 4.4.0-138-generic x86_64) (WARNING: The server did not provide any stacktrace information)
Command duration or timeout: 0 milliseconds
For documentation on this error, please visit: http://seleniumhq.org/exceptions/no_such_element.html
Build info: version: '3.14.0', revision: 'aacccce0', time: '2018-08-02T20:19:58.91Z'
System info: host: 'MacBook-Pro.local', ip: 'fe80:0:0:0:1010:335e:4538:473b%en0', os.name: 'Mac OS X', os.arch: 'x86_64', os.version: '10.14.5', java.version: '1.8.0_201'
Driver info: org.openqa.selenium.remote.RemoteWebDriver
Capabilities {acceptInsecureCerts: false, acceptSslCerts: false, applicationCacheEnabled: false, browserConnectionEnabled: false, browserName: chrome, chrome: {chromedriverVersion: 73.0.3683.68 (47787ec04b6e3..., userDataDir: /tmp/.com.google.Chrome.LIskWc}, cssSelectorsEnabled: true, databaseEnabled: false, goog:chromeOptions: {debuggerAddress: localhost:34862}, handlesAlerts: true, hasTouchScreen: false, javascriptEnabled: true, locationContextEnabled: true, mobileEmulationEnabled: false, nativeEvents: true, networkConnectionEnabled: false, pageLoadStrategy: normal, platform: LINUX, platformName: LINUX, proxy: Proxy(), rotatable: false, setWindowRect: true, strictFileInteractability: false, takesHeapSnapshot: true, takesScreenshot: true, timeouts: {implicit: 0, pageLoad: 300000, script: 30000}, unexpectedAlertBehaviour: ignore, unhandledPromptBehavior: ignore, version: 73.0.3683.75, webStorageEnabled: true}
Session ID: 1b05bd356a95a53862db1ec2fd4f462d
*** Element info: {Using=link text, value=Postbacks}]]>
            </message>
            <full-stacktrace>
              <![CDATA[org.openqa.selenium.NoSuchElementException: no such element: Unable to locate element: {"method":"link text","selector":"Postbacks"}
  (Session info: chrome=73.0.3683.75)
  (Driver info: chromedriver=73.0.3683.68 (47787ec04b6e38e22703e856e101e840b65afe72),platform=Linux 4.4.0-138-generic x86_64) (WARNING: The server did not provide any stacktrace information)
Command duration or timeout: 0 milliseconds
For documentation on this error, please visit: http://seleniumhq.org/exceptions/no_such_element.html
Build info: version: '3.14.0', revision: 'aacccce0', time: '2018-08-02T20:19:58.91Z'
System info: host: 'MacBook-Pro.local', ip: 'fe80:0:0:0:1010:335e:4538:473b%en0', os.name: 'Mac OS X', os.arch: 'x86_64', os.version: '10.14.5', java.version: '1.8.0_201'
Driver info: org.openqa.selenium.remote.RemoteWebDriver
Capabilities {acceptInsecureCerts: false, acceptSslCerts: false, applicationCacheEnabled: false, browserConnectionEnabled: false, browserName: chrome, chrome: {chromedriverVersion: 73.0.3683.68 (47787ec04b6e3..., userDataDir: /tmp/.com.google.Chrome.LIskWc}, cssSelectorsEnabled: true, databaseEnabled: false, goog:chromeOptions: {debuggerAddress: localhost:34862}, handlesAlerts: true, hasTouchScreen: false, javascriptEnabled: true, locationContextEnabled: true, mobileEmulationEnabled: false, nativeEvents: true, networkConnectionEnabled: false, pageLoadStrategy: normal, platform: LINUX, platformName: LINUX, proxy: Proxy(), rotatable: false, setWindowRect: true, strictFileInteractability: false, takesHeapSnapshot: true, takesScreenshot: true, timeouts: {implicit: 0, pageLoad: 300000, script: 30000}, unexpectedAlertBehaviour: ignore, unhandledPromptBehavior: ignore, version: 73.0.3683.75, webStorageEnabled: true}
Session ID: 1b05bd356a95a53862db1ec2fd4f462d
*** Element info: {Using=link text, value=Postbacks}
at sun.reflect.NativeConstructorAccessorImpl.newInstance0(Native Method)
at sun.reflect.NativeConstructorAccessorImpl.newInstance(NativeConstructorAccessorImpl.java:62)
at sun.reflect.DelegatingConstructorAccessorImpl.newInstance(DelegatingConstructorAccessorImpl.java:45)
at java.lang.reflect.Constructor.newInstance(Constructor.java:423)
at org.openqa.selenium.remote.ErrorHandler.createThrowable(ErrorHandler.java:214)
at org.openqa.selenium.remote.ErrorHandler.throwIfResponseFailed(ErrorHandler.java:166)
at org.openqa.selenium.remote.http.JsonHttpResponseCodec.reconstructValue(JsonHttpResponseCodec.java:40)
at org.openqa.selenium.remote.http.AbstractHttpResponseCodec.decode(AbstractHttpResponseCodec.java:80)
at org.openqa.selenium.remote.http.AbstractHttpResponseCodec.decode(AbstractHttpResponseCodec.java:44)
at org.openqa.selenium.remote.HttpCommandExecutor.execute(HttpCommandExecutor.java:158)
at org.openqa.selenium.remote.RemoteWebDriver.execute(RemoteWebDriver.java:548)
at org.openqa.selenium.remote.RemoteWebDriver.findElement(RemoteWebDriver.java:322)
at org.openqa.selenium.remote.RemoteWebDriver.findElementByLinkText(RemoteWebDriver.java:376)
at org.openqa.selenium.By$ByLinkText.findElement(By.java:220)
at org.openqa.selenium.remote.RemoteWebDriver.findElement(RemoteWebDriver.java:314)
at org.openqa.selenium.support.pagefactory.DefaultElementLocator.findElement(DefaultElementLocator.java:69)
at org.openqa.selenium.support.pagefactory.internal.LocatingElementHandler.invoke(LocatingElementHandler.java:38)
at com.sun.proxy.$Proxy6.click(Unknown Source)
at io.redtrack.app.other.Navigation.pagePostbacks(Navigation.java:143)
at io.redtrack.app.tests.RedtrackCustomDomains.checkingPostback(RedtrackCustomDomains.java:335)
at sun.reflect.NativeMethodAccessorImpl.invoke0(Native Method)
at sun.reflect.NativeMethodAccessorImpl.invoke(NativeMethodAccessorImpl.java:62)
at sun.reflect.DelegatingMethodAccessorImpl.invoke(DelegatingMethodAccessorImpl.java:43)
at java.lang.reflect.Method.invoke(Method.java:498)
at org.testng.internal.MethodInvocationHelper.invokeMethod(MethodInvocationHelper.java:124)
at org.testng.internal.Invoker.invokeMethod(Invoker.java:583)
at org.testng.internal.Invoker.invokeTestMethod(Invoker.java:719)
at org.testng.internal.Invoker.invokeTestMethods(Invoker.java:989)
at org.testng.internal.TestMethodWorker.invokeTestMethods(TestMethodWorker.java:125)
at org.testng.internal.TestMethodWorker.run(TestMethodWorker.java:109)
at java.util.concurrent.ThreadPoolExecutor.runWorker(ThreadPoolExecutor.java:1149)
at java.util.concurrent.ThreadPoolExecutor$Worker.run(ThreadPoolExecutor.java:624)
at java.lang.Thread.run(Thread.java:748)
]]>
            </full-stacktrace>
          </exception> <!-- org.openqa.selenium.NoSuchElementException -->
          <reporter-output>
          </reporter-output>
        </test-method> <!-- checkingPostback -->
        <test-method status="SKIP" signature="findPostback()[pri:0, instance:io.redtrack.app.tests.RedtrackCustomDomains@3327bd23]" name="findPostback" duration-ms="0" started-at="2019-10-29T13:34:33Z" depends-on-methods="io.redtrack.app.tests.RedtrackCustomDomains.checkingPostback" finished-at="2019-10-29T13:34:33Z">
          <exception class="java.lang.Throwable">
            <message>
              <![CDATA[Method RedtrackCustomDomains.findPostback()[pri:0, instance:io.redtrack.app.tests.RedtrackCustomDomains@3327bd23] depends on not successfully finished methods]]>
            </message>
            <full-stacktrace>
              <![CDATA[java.lang.Throwable: Method RedtrackCustomDomains.findPostback()[pri:0, instance:io.redtrack.app.tests.RedtrackCustomDomains@3327bd23] depends on not successfully finished methods
at org.testng.internal.Invoker.invokeTestMethods(Invoker.java:888)
at org.testng.internal.TestMethodWorker.invokeTestMethods(TestMethodWorker.java:125)
at org.testng.internal.TestMethodWorker.run(TestMethodWorker.java:109)
at java.util.concurrent.ThreadPoolExecutor.runWorker(ThreadPoolExecutor.java:1149)
at java.util.concurrent.ThreadPoolExecutor$Worker.run(ThreadPoolExecutor.java:624)
at java.lang.Thread.run(Thread.java:748)
]]>
            </full-stacktrace>
          </exception> <!-- java.lang.Throwable -->
          <reporter-output>
          </reporter-output>
        </test-method> <!-- findPostback -->
        <test-method status="SKIP" signature="findConv()[pri:0, instance:io.redtrack.app.tests.RedtrackCustomDomains@3327bd23]" name="findConv" duration-ms="0" started-at="2019-10-29T13:34:33Z" depends-on-methods="io.redtrack.app.tests.RedtrackCustomDomains.checkingConv" finished-at="2019-10-29T13:34:33Z">
          <exception class="java.lang.Throwable">
            <message>
              <![CDATA[Method RedtrackCustomDomains.findConv()[pri:0, instance:io.redtrack.app.tests.RedtrackCustomDomains@3327bd23] depends on not successfully finished methods]]>
            </message>
            <full-stacktrace>
              <![CDATA[java.lang.Throwable: Method RedtrackCustomDomains.findConv()[pri:0, instance:io.redtrack.app.tests.RedtrackCustomDomains@3327bd23] depends on not successfully finished methods
at org.testng.internal.Invoker.invokeTestMethods(Invoker.java:888)
at org.testng.internal.TestMethodWorker.invokeTestMethods(TestMethodWorker.java:125)
at org.testng.internal.TestMethodWorker.run(TestMethodWorker.java:109)
at java.util.concurrent.ThreadPoolExecutor.runWorker(ThreadPoolExecutor.java:1149)
at java.util.concurrent.ThreadPoolExecutor$Worker.run(ThreadPoolExecutor.java:624)
at java.lang.Thread.run(Thread.java:748)
]]>
            </full-stacktrace>
          </exception> <!-- java.lang.Throwable -->
          <reporter-output>
          </reporter-output>
        </test-method> <!-- findConv -->
        <test-method status="SKIP" signature="checkingConv()[pri:0, instance:io.redtrack.app.tests.RedtrackCustomDomains@3327bd23]" name="checkingConv" duration-ms="0" started-at="2019-10-29T13:34:33Z" depends-on-methods="io.redtrack.app.tests.RedtrackCustomDomains.findPostback" finished-at="2019-10-29T13:34:33Z">
          <exception class="java.lang.Throwable">
            <message>
              <![CDATA[Method RedtrackCustomDomains.checkingConv()[pri:0, instance:io.redtrack.app.tests.RedtrackCustomDomains@3327bd23] depends on not successfully finished methods]]>
            </message>
            <full-stacktrace>
              <![CDATA[java.lang.Throwable: Method RedtrackCustomDomains.checkingConv()[pri:0, instance:io.redtrack.app.tests.RedtrackCustomDomains@3327bd23] depends on not successfully finished methods
at org.testng.internal.Invoker.invokeTestMethods(Invoker.java:888)
at org.testng.internal.TestMethodWorker.invokeTestMethods(TestMethodWorker.java:125)
at org.testng.internal.TestMethodWorker.run(TestMethodWorker.java:109)
at java.util.concurrent.ThreadPoolExecutor.runWorker(ThreadPoolExecutor.java:1149)
at java.util.concurrent.ThreadPoolExecutor$Worker.run(ThreadPoolExecutor.java:624)
at java.lang.Thread.run(Thread.java:748)
]]>
            </full-stacktrace>
          </exception> <!-- java.lang.Throwable -->
          <reporter-output>
          </reporter-output>
        </test-method> <!-- checkingConv -->
        <test-method status="SKIP" signature="closingDriver()[pri:0, instance:io.redtrack.app.tests.RedtrackCustomDomains@3327bd23]" name="closingDriver" duration-ms="0" started-at="2019-10-29T13:34:33Z" depends-on-methods="io.redtrack.app.tests.RedtrackCustomDomains.findConv" finished-at="2019-10-29T13:34:33Z">
          <exception class="java.lang.Throwable">
            <message>
              <![CDATA[Method RedtrackCustomDomains.closingDriver()[pri:0, instance:io.redtrack.app.tests.RedtrackCustomDomains@3327bd23] depends on not successfully finished methods]]>
            </message>
            <full-stacktrace>
              <![CDATA[java.lang.Throwable: Method RedtrackCustomDomains.closingDriver()[pri:0, instance:io.redtrack.app.tests.RedtrackCustomDomains@3327bd23] depends on not successfully finished methods
at org.testng.internal.Invoker.invokeTestMethods(Invoker.java:888)
at org.testng.internal.TestMethodWorker.invokeTestMethods(TestMethodWorker.java:125)
at org.testng.internal.TestMethodWorker.run(TestMethodWorker.java:109)
at java.util.concurrent.ThreadPoolExecutor.runWorker(ThreadPoolExecutor.java:1149)
at java.util.concurrent.ThreadPoolExecutor$Worker.run(ThreadPoolExecutor.java:624)
at java.lang.Thread.run(Thread.java:748)
]]>
            </full-stacktrace>
          </exception> <!-- java.lang.Throwable -->
          <reporter-output>
          </reporter-output>
        </test-method> <!-- closingDriver -->
      </class> <!-- io.redtrack.app.tests.RedtrackCustomDomains -->
    </test> <!-- test -->
  </suite> <!-- RedtrackFront by packages -->
</testng-results>
